0 info it worked if it ends with ok
1 verbose cli [ 'node', '/usr/local/bin/npm', 'install', '-S', 'karma:unit' ]
2 info using npm@3.7.3
3 info using node@v0.11.14-pre
4 silly loadCurrentTree Starting
5 silly install loadCurrentTree
6 silly install readLocalPackageData
7 silly fetchPackageMetaData karma:unit
8 silly fetchPackageMetaData Error: Unsupported URL Type: karma:unit
8 silly fetchPackageMetaData     at parseUrl (/usr/local/lib/node_modules/npm/node_modules/npm-package-arg/npa.js:169:13)
8 silly fetchPackageMetaData     at npa (/usr/local/lib/node_modules/npm/node_modules/npm-package-arg/npa.js:75:12)
8 silly fetchPackageMetaData     at module.exports (/usr/local/lib/node_modules/npm/node_modules/realize-package-specifier/index.js:12:15)
8 silly fetchPackageMetaData     at fetchPackageMetadata (/usr/local/lib/node_modules/npm/lib/fetch-package-metadata.js:54:12)
8 silly fetchPackageMetaData     at /usr/local/lib/node_modules/npm/lib/install/deps.js:181:5
8 silly fetchPackageMetaData     at /usr/local/lib/node_modules/npm/node_modules/slide/lib/async-map.js:52:35
8 silly fetchPackageMetaData     at Array.forEach (native)
8 silly fetchPackageMetaData     at /usr/local/lib/node_modules/npm/node_modules/slide/lib/async-map.js:52:11
8 silly fetchPackageMetaData     at Array.forEach (native)
8 silly fetchPackageMetaData     at asyncMap (/usr/local/lib/node_modules/npm/node_modules/slide/lib/async-map.js:51:8)
8 silly fetchPackageMetaData  error for karma:unit { [Error: Unsupported URL Type: karma:unit]
8 silly fetchPackageMetaData   stack: 'Error: Unsupported URL Type: karma:unit\n    at parseUrl (/usr/local/lib/node_modules/npm/node_modules/npm-package-arg/npa.js:169:13)\n    at npa (/usr/local/lib/node_modules/npm/node_modules/npm-package-arg/npa.js:75:12)\n    at module.exports (/usr/local/lib/node_modules/npm/node_modules/realize-package-specifier/index.js:12:15)\n    at fetchPackageMetadata (/usr/local/lib/node_modules/npm/lib/fetch-package-metadata.js:54:12)\n    at /usr/local/lib/node_modules/npm/lib/install/deps.js:181:5\n    at /usr/local/lib/node_modules/npm/node_modules/slide/lib/async-map.js:52:35\n    at Array.forEach (native)\n    at /usr/local/lib/node_modules/npm/node_modules/slide/lib/async-map.js:52:11\n    at Array.forEach (native)\n    at asyncMap (/usr/local/lib/node_modules/npm/node_modules/slide/lib/async-map.js:51:8)' }
9 silly rollbackFailedOptional Starting
10 silly rollbackFailedOptional Finishing
11 silly runTopLevelLifecycles Starting
12 silly runTopLevelLifecycles Finishing
13 silly install printInstalled
14 verbose stack Error: Unsupported URL Type: karma:unit
14 verbose stack     at parseUrl (/usr/local/lib/node_modules/npm/node_modules/npm-package-arg/npa.js:169:13)
14 verbose stack     at npa (/usr/local/lib/node_modules/npm/node_modules/npm-package-arg/npa.js:75:12)
14 verbose stack     at module.exports (/usr/local/lib/node_modules/npm/node_modules/realize-package-specifier/index.js:12:15)
14 verbose stack     at fetchPackageMetadata (/usr/local/lib/node_modules/npm/lib/fetch-package-metadata.js:54:12)
14 verbose stack     at /usr/local/lib/node_modules/npm/lib/install/deps.js:181:5
14 verbose stack     at /usr/local/lib/node_modules/npm/node_modules/slide/lib/async-map.js:52:35
14 verbose stack     at Array.forEach (native)
14 verbose stack     at /usr/local/lib/node_modules/npm/node_modules/slide/lib/async-map.js:52:11
14 verbose stack     at Array.forEach (native)
14 verbose stack     at asyncMap (/usr/local/lib/node_modules/npm/node_modules/slide/lib/async-map.js:51:8)
15 verbose cwd /home/junze/Documents/Cutting-Pork
16 error Linux 3.13.0-85-generic
17 error argv "node" "/usr/local/bin/npm" "install" "-S" "karma:unit"
18 error node v0.11.14-pre
19 error npm  v3.7.3
20 error Unsupported URL Type: karma:unit
21 error If you need help, you may report this error at:
21 error     <https://github.com/npm/npm/issues>
22 verbose exit [ 1, true ]
